Using pre-set license
Built from '2020.3/release' branch; Version is '2020.3.2f1 (8fd9074bf66c) revision 9427207'; Using compiler version '192528614'; Build Type 'Release'
OS: 'Windows 10 Home Single Language; OS build 19042.1052; Version 2009; 64bit' Language: 'en' Physical Memory: 8071 MB
BatchMode: 1, IsHumanControllingUs: 0, StartBugReporterOnCrash: 0, Is64bit: 1, IsPro: 0

 COMMAND LINE ARGUMENTS:
C:\Program Files\Unity\Hub\Editor\2020.3.2f1\Editor\Unity.exe
-adb2
-batchMode
-noUpm
-name
AssetImportWorker0
-projectPath
C:/Unity Projects/PackedPractice
-logFile
Logs/AssetImportWorker0.log
-srvPort
58785
Successfully changed project path to: C:/Unity Projects/PackedPractice
C:/Unity Projects/PackedPractice
Using Asset Import Pipeline V2.
Refreshing native plugins compatible for Editor in 28.07 ms, found 0 plugins.
Preloading 0 native plugins for Editor in 0.00 ms.
Initialize engine version: 2020.3.2f1 (8fd9074bf66c)
[Subsystems] Discovering subsystems at path C:/Program Files/Unity/Hub/Editor/2020.3.2f1/Editor/Data/Resources/UnitySubsystems
[Subsystems] Discovering subsystems at path C:/Unity Projects/PackedPractice/Assets
GfxDevice: creating device client; threaded=0
Direct3D:
    Version:  Direct3D 11.0 [level 11.1]
    Renderer: NVIDIA GeForce GTX 1650 (ID=0x1f91)
    Vendor:   
    VRAM:     3962 MB
    Driver:   27.21.14.6192
Initialize mono
Mono path[0] = 'C:/Program Files/Unity/Hub/Editor/2020.3.2f1/Editor/Data/Managed'
Mono path[1] = 'C:/Program Files/Unity/Hub/Editor/2020.3.2f1/Editor/Data/MonoBleedingEdge/lib/mono/unityjit'
Mono config path = 'C:/Program Files/Unity/Hub/Editor/2020.3.2f1/Editor/Data/MonoBleedingEdge/etc'
Using monoOptions --debugger-agent=transport=dt_socket,embedding=1,server=y,suspend=n,address=127.0.0.1:56136
Begin MonoManager ReloadAssembly
Registering precompiled unity dll's ...
Register platform support module: C:/Program Files/Unity/Hub/Editor/2020.3.2f1/Editor/Data/PlaybackEngines/WebGLSupport/UnityEditor.WebGL.Extensions.dll
Register platform support module: C:/Program Files/Unity/Hub/Editor/2020.3.2f1/Editor/Data/PlaybackEngines/MacStandaloneSupport/UnityEditor.OSXStandalone.Extensions.dll
Register platform support module: C:/Program Files/Unity/Hub/Editor/2020.3.2f1/Editor/Data/PlaybackEngines/WindowsStandaloneSupport/UnityEditor.WindowsStandalone.Extensions.dll
Registered in 0.005244 seconds.
Native extension for WindowsStandalone target not found
Native extension for OSXStandalone target not found
Native extension for WebGL target not found
Refreshing native plugins compatible for Editor in 26.48 ms, found 0 plugins.
Preloading 0 native plugins for Editor in 0.00 ms.
Invoked RoslynAnalysisRunner static constructor.
RoslynAnalysisRunner will not be running.
RoslynAnalysisRunner has terminated.
Mono: successfully reloaded assembly
- Completed reload, in  2.261 seconds
Platform modules already initialized, skipping
Registering precompiled user dll's ...
Registered in 0.001442 seconds.
Begin MonoManager ReloadAssembly
Native extension for WindowsStandalone target not found
Native extension for OSXStandalone target not found
Native extension for WebGL target not found
Refreshing native plugins compatible for Editor in 0.27 ms, found 0 plugins.
Preloading 0 native plugins for Editor in 0.00 ms.
Invoked RoslynAnalysisRunner static constructor.
RoslynAnalysisRunner will not be running.
RoslynAnalysisRunner has terminated.
Mono: successfully reloaded assembly
- Completed reload, in  0.915 seconds
Platform modules already initialized, skipping
========================================================================
Worker process is ready to serve import requests
Launched and connected shader compiler UnityShaderCompiler.exe after 0.05 seconds
Refreshing native plugins compatible for Editor in 0.51 ms, found 0 plugins.
Preloading 0 native plugins for Editor in 0.00 ms.
Unloading 1496 Unused Serialized files (Serialized files now loaded: 0)
System memory in use before: 81.5 MB.
System memory in use after: 81.5 MB.

Unloading 68 unused Assets to reduce memory usage. Loaded Objects now: 1937.
Total: 2.244400 ms (FindLiveObjects: 0.173400 ms CreateObjectMapping: 0.059400 ms MarkObjects: 1.823700 ms  DeleteObjects: 0.186800 ms)

========================================================================
Received Import Request.
  path: Assets/Prefabs/ExampleItem Variant.prefab
  artifactKey: Guid(8ffc11c0af20d564f98fbee70372e81f) Importer(815301076,1909f56bfc062723c751e8b465ee728b)
Start importing Assets/Prefabs/ExampleItem Variant.prefab using Guid(8ffc11c0af20d564f98fbee70372e81f) Importer(815301076,1909f56bfc062723c751e8b465ee728b)  -> (artifact id: 'dda5dbe6780e95954d35e9d62eef5609') in 0.037100 seconds
  Import took 0.039880 seconds .

========================================================================
Received Import Request.
  Time since last request: 0.004319 seconds.
  path: Assets/Prefabs/ExampleItem Variant.prefab
  artifactKey: Guid(8ffc11c0af20d564f98fbee70372e81f) Importer(815301076,1909f56bfc062723c751e8b465ee728b)
Start importing Assets/Prefabs/ExampleItem Variant.prefab using Guid(8ffc11c0af20d564f98fbee70372e81f) Importer(815301076,1909f56bfc062723c751e8b465ee728b)  -> (artifact id: 'dda5dbe6780e95954d35e9d62eef5609') in 0.005190 seconds
  Import took 0.007806 seconds .

========================================================================
Received Import Request.
  Time since last request: 1.348353 seconds.
  path: Assets/Prefabs/Lambert.prefab
  artifactKey: Guid(8ffc11c0af20d564f98fbee70372e81f) Importer(815301076,1909f56bfc062723c751e8b465ee728b)
Start importing Assets/Prefabs/Lambert.prefab using Guid(8ffc11c0af20d564f98fbee70372e81f) Importer(815301076,1909f56bfc062723c751e8b465ee728b)  -> (artifact id: '9855036041fdc2b925979beec1ff0f03') in 0.004611 seconds
  Import took 0.007563 seconds .

========================================================================
Received Import Request.
  Time since last request: 196.907498 seconds.
  path: Assets/Shaders/Basic Lambert Light.shader
  artifactKey: Guid(43131a47c0ba01c4492e08457a303fd3) Importer(815301076,1909f56bfc062723c751e8b465ee728b)
Start importing Assets/Shaders/Basic Lambert Light.shader using Guid(43131a47c0ba01c4492e08457a303fd3) Importer(815301076,1909f56bfc062723c751e8b465ee728b)  -> (artifact id: '633f0c9c5870594dc0a5b71acd5d8f4b') in 0.004794 seconds
  Import took 0.008575 seconds .

========================================================================
Received Import Request.
  Time since last request: 0.001236 seconds.
  path: Assets/Shaders/Basic Lambert Light.shader
  artifactKey: Guid(43131a47c0ba01c4492e08457a303fd3) Importer(815301076,1909f56bfc062723c751e8b465ee728b)
Start importing Assets/Shaders/Basic Lambert Light.shader using Guid(43131a47c0ba01c4492e08457a303fd3) Importer(815301076,1909f56bfc062723c751e8b465ee728b)  -> (artifact id: '633f0c9c5870594dc0a5b71acd5d8f4b') in 0.002821 seconds
  Import took 0.004977 seconds .

========================================================================
Received Import Request.
  Time since last request: 6.033803 seconds.
  path: Assets/Shaders/New Folder
  artifactKey: Guid(4ca8e27569ec25040994ae18135b5504) Importer(815301076,1909f56bfc062723c751e8b465ee728b)
Start importing Assets/Shaders/New Folder using Guid(4ca8e27569ec25040994ae18135b5504) Importer(815301076,1909f56bfc062723c751e8b465ee728b)  -> (artifact id: '098711cc60b818c1dd8239ef4d3ccd9d') in 0.003342 seconds
  Import took 0.006355 seconds .

========================================================================
Received Import Request.
  Time since last request: 12.557251 seconds.
  path: Assets/Shaders/Light Models
  artifactKey: Guid(4ca8e27569ec25040994ae18135b5504) Importer(815301076,1909f56bfc062723c751e8b465ee728b)
Start importing Assets/Shaders/Light Models using Guid(4ca8e27569ec25040994ae18135b5504) Importer(815301076,1909f56bfc062723c751e8b465ee728b)  -> (artifact id: '8a776659a3b4225c841e69c0ccc93647') in 0.003704 seconds
  Import took 0.006275 seconds .

========================================================================
Received Import Request.
  Time since last request: 4.445767 seconds.
  path: Assets/Shaders/WorldLoc.shader
  artifactKey: Guid(7e5a9021b5b964b40b7328a67e362738) Importer(815301076,1909f56bfc062723c751e8b465ee728b)
Start importing Assets/Shaders/WorldLoc.shader using Guid(7e5a9021b5b964b40b7328a67e362738) Importer(815301076,1909f56bfc062723c751e8b465ee728b)  -> (artifact id: '358ebb967c0ef71252dbbd1a27345c0f') in 0.004119 seconds
  Import took 0.006915 seconds .

========================================================================
Received Import Request.
  Time since last request: 1.351554 seconds.
  path: Assets/Shaders/StandarProperties.shader
  artifactKey: Guid(191b9c78b28aa3f4bba52343eb820bdd) Importer(815301076,1909f56bfc062723c751e8b465ee728b)
Start importing Assets/Shaders/StandarProperties.shader using Guid(191b9c78b28aa3f4bba52343eb820bdd) Importer(815301076,1909f56bfc062723c751e8b465ee728b)  -> (artifact id: 'cc903d6ba8db196b928e5cf1ce23521d') in 0.003930 seconds
  Import took 0.006579 seconds .

========================================================================
Received Import Request.
  Time since last request: 0.002861 seconds.
  path: Assets/Shaders/StandarProperties.shader
  artifactKey: Guid(191b9c78b28aa3f4bba52343eb820bdd) Importer(815301076,1909f56bfc062723c751e8b465ee728b)
Start importing Assets/Shaders/StandarProperties.shader using Guid(191b9c78b28aa3f4bba52343eb820bdd) Importer(815301076,1909f56bfc062723c751e8b465ee728b)  -> (artifact id: 'cc903d6ba8db196b928e5cf1ce23521d') in 0.003027 seconds
  Import took 0.005691 seconds .

========================================================================
Received Import Request.
  Time since last request: 75.908188 seconds.
  path: Assets/Shaders/Properties
  artifactKey: Guid(ccc65df066024c64e9a6a93088e7b56f) Importer(815301076,1909f56bfc062723c751e8b465ee728b)
Start importing Assets/Shaders/Properties using Guid(ccc65df066024c64e9a6a93088e7b56f) Importer(815301076,1909f56bfc062723c751e8b465ee728b)  -> (artifact id: '4b95bf8ea3ed034d6a991d7d332a3175') in 0.004242 seconds
  Import took 0.007258 seconds .

========================================================================
Received Import Request.
  Time since last request: 4.579950 seconds.
  path: Assets/Shaders/CubeMap.shader
  artifactKey: Guid(e248125c482a9ae4693a493b9a98bcfa) Importer(815301076,1909f56bfc062723c751e8b465ee728b)
Start importing Assets/Shaders/CubeMap.shader using Guid(e248125c482a9ae4693a493b9a98bcfa) Importer(815301076,1909f56bfc062723c751e8b465ee728b)  -> (artifact id: '383cc5cedb26188453f6effa82343627') in 0.003083 seconds
  Import took 0.005677 seconds .

========================================================================
Received Import Request.
  Time since last request: 305.343941 seconds.
  path: Assets/Shaders/Propertie
  artifactKey: Guid(afa902a70f8c18a409b0e5b57edfab0d) Importer(815301076,1909f56bfc062723c751e8b465ee728b)
Start importing Assets/Shaders/Propertie using Guid(afa902a70f8c18a409b0e5b57edfab0d) Importer(815301076,1909f56bfc062723c751e8b465ee728b)  -> (artifact id: '49e339ef5fa504c303eb49cf86b1f9a1') in 0.003288 seconds
  Import took 0.006355 seconds .

========================================================================
Received Import Request.
  Time since last request: 457.761341 seconds.
  path: Assets/Materials/WorldPos.mat
  artifactKey: Guid(8f6cb6b136e919144868dbaf6344b2c3) Importer(815301076,1909f56bfc062723c751e8b465ee728b)
Start importing Assets/Materials/WorldPos.mat using Guid(8f6cb6b136e919144868dbaf6344b2c3) Importer(815301076,1909f56bfc062723c751e8b465ee728b)  -> (artifact id: '8b3d7261aee2a15e311e28fd95013fb1') in 0.147115 seconds
  Import took 0.149895 seconds .

========================================================================
Received Import Request.
  Time since last request: 14.007649 seconds.
  path: Assets/Materials/Properties
  artifactKey: Guid(1275606c089f6084c9b1933bf7af96fb) Importer(815301076,1909f56bfc062723c751e8b465ee728b)
Start importing Assets/Materials/Properties using Guid(1275606c089f6084c9b1933bf7af96fb) Importer(815301076,1909f56bfc062723c751e8b465ee728b)  -> (artifact id: 'ed795858d9f770558d77d2cfef0e4645') in 0.002690 seconds
  Import took 0.005433 seconds .

========================================================================
Received Import Request.
  Time since last request: 10.969374 seconds.
  path: Assets/Materials/LightModels
  artifactKey: Guid(aa8fc2f968056b84088b8403c677ee87) Importer(815301076,1909f56bfc062723c751e8b465ee728b)
Start importing Assets/Materials/LightModels using Guid(aa8fc2f968056b84088b8403c677ee87) Importer(815301076,1909f56bfc062723c751e8b465ee728b)  -> (artifact id: '6c60c0c19a6707817bb24bcc351961eb') in 0.002828 seconds
  Import took 0.005628 seconds .

========================================================================
Received Import Request.
  Time since last request: 5.602966 seconds.
  path: Assets/Materials/BumpMap
  artifactKey: Guid(8ff2bcdf65f632e4d86524f2d45d7858) Importer(815301076,1909f56bfc062723c751e8b465ee728b)
Start importing Assets/Materials/BumpMap using Guid(8ff2bcdf65f632e4d86524f2d45d7858) Importer(815301076,1909f56bfc062723c751e8b465ee728b)  -> (artifact id: 'fe7b2cc6a006a5afc8c10c760a7b4400') in 0.002759 seconds
  Import took 0.005337 seconds .

========================================================================
Received Import Request.
  Time since last request: 4056.408202 seconds.
  path: Assets/Prefabs/BumpMap
  artifactKey: Guid(b80fe9cb552bced4898d3b2f489398f8) Importer(815301076,1909f56bfc062723c751e8b465ee728b)
Start importing Assets/Prefabs/BumpMap using Guid(b80fe9cb552bced4898d3b2f489398f8) Importer(815301076,1909f56bfc062723c751e8b465ee728b)  -> (artifact id: '42fc6e3737f5fe1e992cb6684d298cc8') in 0.005387 seconds
  Import took 0.026814 seconds .

========================================================================
Received Import Request.
  Time since last request: 8.984815 seconds.
  path: Assets/Prefabs/Bumpmap.prefab
  artifactKey: Guid(5fa426a28c0ccfc499f93f753c3272a9) Importer(815301076,1909f56bfc062723c751e8b465ee728b)
Start importing Assets/Prefabs/Bumpmap.prefab using Guid(5fa426a28c0ccfc499f93f753c3272a9) Importer(815301076,1909f56bfc062723c751e8b465ee728b)  -> (artifact id: 'e6db7bf216ec7ba132b177c6802bcb14') in 0.056093 seconds
  Import took 0.059471 seconds .

========================================================================
Received Import Request.
  Time since last request: 52.102607 seconds.
  path: Assets/Materials/Bumpmap.mat
  artifactKey: Guid(3a6a9549bb242d749a413780aba2d2f4) Importer(815301076,1909f56bfc062723c751e8b465ee728b)
Start importing Assets/Materials/Bumpmap.mat using Guid(3a6a9549bb242d749a413780aba2d2f4) Importer(815301076,1909f56bfc062723c751e8b465ee728b)  -> (artifact id: '11876e1fdbc491e8cc8f989e96c18e47') in 0.087759 seconds
  Import took 0.090493 seconds .

========================================================================
Received Import Request.
  Time since last request: 16.051343 seconds.
  path: Assets/FREE Skyboxes - Sci-Fi & Fantasy/SBS Sci-Fi & Fantasy 3/Large/Textures/Right_SBS Sci-Fi & Fantasy 3 Large.png
  artifactKey: Guid(293f0556c88cfc14494307409056dd75) Importer(815301076,1909f56bfc062723c751e8b465ee728b)
Start importing Assets/FREE Skyboxes - Sci-Fi & Fantasy/SBS Sci-Fi & Fantasy 3/Large/Textures/Right_SBS Sci-Fi & Fantasy 3 Large.png using Guid(293f0556c88cfc14494307409056dd75) Importer(815301076,1909f56bfc062723c751e8b465ee728b)  -> (artifact id: '36721b78d654c784d7855d720876d3b1') in 0.376665 seconds
  Import took 0.382571 seconds .

========================================================================
Received Import Request.
  Time since last request: 2.589983 seconds.
  path: Assets/FREE Skyboxes - Sci-Fi & Fantasy/SBS Sci-Fi & Fantasy 3/Large/Textures/Up_SBS Sci-Fi & Fantasy 3 Large.png
  artifactKey: Guid(d9d6dec6cf8efda4b9c14138c3ae776a) Importer(815301076,1909f56bfc062723c751e8b465ee728b)
Start importing Assets/FREE Skyboxes - Sci-Fi & Fantasy/SBS Sci-Fi & Fantasy 3/Large/Textures/Up_SBS Sci-Fi & Fantasy 3 Large.png using Guid(d9d6dec6cf8efda4b9c14138c3ae776a) Importer(815301076,1909f56bfc062723c751e8b465ee728b)  -> (artifact id: '0b20a70ad346d4660032e4f51aa0571d') in 0.148039 seconds
  Import took 0.154173 seconds .

========================================================================
Received Import Request.
  Time since last request: 0.000441 seconds.
  path: Assets/ADG_Textures/walls_vol1/wall11/wall11_Ambient_Occlusion.tga
  artifactKey: Guid(b0d948dad3a9457429c143ec2f396e39) Importer(815301076,1909f56bfc062723c751e8b465ee728b)
Start importing Assets/ADG_Textures/walls_vol1/wall11/wall11_Ambient_Occlusion.tga using Guid(b0d948dad3a9457429c143ec2f396e39) Importer(815301076,1909f56bfc062723c751e8b465ee728b)  -> (artifact id: 'b3b0a57a37f67287823e22860b46441b') in 0.022329 seconds
  Import took 0.025007 seconds .

========================================================================
Received Import Request.
  Time since last request: 0.552515 seconds.
  path: Assets/ADG_Textures/walls_vol1/wall11/wall11_Diffuse.tga
  artifactKey: Guid(c11ee9c965544cf48968e3aee219553d) Importer(815301076,1909f56bfc062723c751e8b465ee728b)
Start importing Assets/ADG_Textures/walls_vol1/wall11/wall11_Diffuse.tga using Guid(c11ee9c965544cf48968e3aee219553d) Importer(815301076,1909f56bfc062723c751e8b465ee728b)  -> (artifact id: 'c0fa822593ecf2de85b38200b8dcc30b') in 0.017885 seconds
  Import took 0.020738 seconds .

========================================================================
Received Import Request.
  Time since last request: 0.000451 seconds.
  path: Assets/ADG_Textures/walls_vol1/wall11/wall11_Height.tga
  artifactKey: Guid(c64ca4007624b314c9348418f43c46c6) Importer(815301076,1909f56bfc062723c751e8b465ee728b)
Start importing Assets/ADG_Textures/walls_vol1/wall11/wall11_Height.tga using Guid(c64ca4007624b314c9348418f43c46c6) Importer(815301076,1909f56bfc062723c751e8b465ee728b)  -> (artifact id: '8bc0f54253570d908f8d1c1640d867b8') in 0.012291 seconds
  Import took 0.014483 seconds .

========================================================================
Received Import Request.
  Time since last request: 0.470336 seconds.
  path: Assets/ADG_Textures/walls_vol1/wall11/wall11_Metallic.tga
  artifactKey: Guid(1329664ed7517554eb9839d158dde37a) Importer(815301076,1909f56bfc062723c751e8b465ee728b)
Start importing Assets/ADG_Textures/walls_vol1/wall11/wall11_Metallic.tga using Guid(1329664ed7517554eb9839d158dde37a) Importer(815301076,1909f56bfc062723c751e8b465ee728b)  -> (artifact id: '33036abdf0e772a52c84cad0201bc568') in 0.010192 seconds
  Import took 0.019649 seconds .

========================================================================
Received Import Request.
  Time since last request: 0.000436 seconds.
  path: Assets/ADG_Textures/walls_vol1/wall11/wall11_Normal.tga
  artifactKey: Guid(302bab5312227ea459512a6f0ed99b67) Importer(815301076,1909f56bfc062723c751e8b465ee728b)
Start importing Assets/ADG_Textures/walls_vol1/wall11/wall11_Normal.tga using Guid(302bab5312227ea459512a6f0ed99b67) Importer(815301076,1909f56bfc062723c751e8b465ee728b)  -> (artifact id: '392053bb0ec62893458f7a865af08b39') in 0.027442 seconds
  Import took 0.030505 seconds .

========================================================================
Received Import Request.
  Time since last request: 73.715065 seconds.
  path: Assets/Shaders/Properties/CubeMap.shader
  artifactKey: Guid(e248125c482a9ae4693a493b9a98bcfa) Importer(815301076,1909f56bfc062723c751e8b465ee728b)
Start importing Assets/Shaders/Properties/CubeMap.shader using Guid(e248125c482a9ae4693a493b9a98bcfa) Importer(815301076,1909f56bfc062723c751e8b465ee728b)  -> (artifact id: '4e5356bae4b54159d6f7b32c1a99a6eb') in 0.003220 seconds
  Import took 0.006064 seconds .

========================================================================
Received Import Request.
  Time since last request: 9.139690 seconds.
  path: Assets/Shaders/Properties/WorldLoc.shader
  artifactKey: Guid(7e5a9021b5b964b40b7328a67e362738) Importer(815301076,1909f56bfc062723c751e8b465ee728b)
Start importing Assets/Shaders/Properties/WorldLoc.shader using Guid(7e5a9021b5b964b40b7328a67e362738) Importer(815301076,1909f56bfc062723c751e8b465ee728b)  -> (artifact id: 'c3e7397a91aae7104e28c64f73812d6c') in 0.002697 seconds
  Import took 0.005206 seconds .

========================================================================
Received Import Request.
  Time since last request: 7.767873 seconds.
  path: Assets/Scenes/Light.unity
  artifactKey: Guid(9d16b2ecad39be24fa6e6a18c0d5ba21) Importer(815301076,1909f56bfc062723c751e8b465ee728b)
Start importing Assets/Scenes/Light.unity using Guid(9d16b2ecad39be24fa6e6a18c0d5ba21) Importer(815301076,1909f56bfc062723c751e8b465ee728b)  -> (artifact id: '0ff4532149f63a35f65ea15708056f83') in 0.004548 seconds
  Import took 0.007339 seconds .

========================================================================
Received Import Request.
  Time since last request: 1.123484 seconds.
  path: Assets/Scenes/CubeMapScene.unity
  artifactKey: Guid(9fc0d4010bbf28b4594072e72b8655ab) Importer(815301076,1909f56bfc062723c751e8b465ee728b)
Start importing Assets/Scenes/CubeMapScene.unity using Guid(9fc0d4010bbf28b4594072e72b8655ab) Importer(815301076,1909f56bfc062723c751e8b465ee728b)  -> (artifact id: '6de44b3e516d81dba9fb0348f1cdc782') in 0.004716 seconds
  Import took 0.007254 seconds .

========================================================================
Received Import Request.
  Time since last request: 0.001302 seconds.
  path: Assets/Scenes/CubeMapScene.unity
  artifactKey: Guid(9fc0d4010bbf28b4594072e72b8655ab) Importer(815301076,1909f56bfc062723c751e8b465ee728b)
Start importing Assets/Scenes/CubeMapScene.unity using Guid(9fc0d4010bbf28b4594072e72b8655ab) Importer(815301076,1909f56bfc062723c751e8b465ee728b)  -> (artifact id: '6de44b3e516d81dba9fb0348f1cdc782') in 0.003150 seconds
  Import took 0.005826 seconds .

========================================================================
Received Import Request.
  Time since last request: 2.396914 seconds.
  path: Assets/Scenes/Standart Scene.unity
  artifactKey: Guid(c1a4b658524ebda4f8f9eaa4c8fa7203) Importer(815301076,1909f56bfc062723c751e8b465ee728b)
Start importing Assets/Scenes/Standart Scene.unity using Guid(c1a4b658524ebda4f8f9eaa4c8fa7203) Importer(815301076,1909f56bfc062723c751e8b465ee728b)  -> (artifact id: '3295b6fa87eb199ab249e9359e966bf7') in 0.004593 seconds
  Import took 0.007808 seconds .

========================================================================
Received Import Request.
  Time since last request: 4.669031 seconds.
  path: Assets/Materials/Bumpmap.mat
  artifactKey: Guid(3a6a9549bb242d749a413780aba2d2f4) Importer(815301076,1909f56bfc062723c751e8b465ee728b)
Start importing Assets/Materials/Bumpmap.mat using Guid(3a6a9549bb242d749a413780aba2d2f4) Importer(815301076,1909f56bfc062723c751e8b465ee728b)  -> (artifact id: 'd907c6171f50cdb5469a741bd6b572e6') in 0.023631 seconds
  Import took 0.026757 seconds .

========================================================================
Received Import Request.
  Time since last request: 108.504089 seconds.
  path: Assets/Shaders/Bump Shader/BumpShader.shader
  artifactKey: Guid(97bec3bcbb9ca4b45bc0e848d5e539c6) Importer(815301076,1909f56bfc062723c751e8b465ee728b)
Start importing Assets/Shaders/Bump Shader/BumpShader.shader using Guid(97bec3bcbb9ca4b45bc0e848d5e539c6) Importer(815301076,1909f56bfc062723c751e8b465ee728b)  -> (artifact id: 'ada3af8f8a777c33fc97145f0656bac2') in 0.004859 seconds
  Import took 0.008494 seconds .

========================================================================
Received Import Request.
  Time since last request: 43.198423 seconds.
  path: Assets/Materials/LamberLightModel.mat
  artifactKey: Guid(24292e54b5af8bc48b9523c1dc904ab1) Importer(815301076,1909f56bfc062723c751e8b465ee728b)
Start importing Assets/Materials/LamberLightModel.mat using Guid(24292e54b5af8bc48b9523c1dc904ab1) Importer(815301076,1909f56bfc062723c751e8b465ee728b)  -> (artifact id: '6b035638dd3dfab973e54c3c6dac4ffd') in 0.035286 seconds
  Import took 0.037765 seconds .

========================================================================
Received Import Request.
  Time since last request: 63.739892 seconds.
  path: Assets/Shaders/Light Models/Basic P.shader
  artifactKey: Guid(d00f251c023452345ae24e22cef1523c) Importer(815301076,1909f56bfc062723c751e8b465ee728b)
Start importing Assets/Shaders/Light Models/Basic P.shader using Guid(d00f251c023452345ae24e22cef1523c) Importer(815301076,1909f56bfc062723c751e8b465ee728b)  -> (artifact id: '6bd7199725185b74dfdd9bc05e23f774') in 0.004400 seconds
  Import took 0.007795 seconds .

========================================================================
Received Import Request.
  Time since last request: 18.682990 seconds.
  path: Assets/Prefabs/Light Models
  artifactKey: Guid(cb178b34f5dfabb468c55f73abb5923d) Importer(815301076,1909f56bfc062723c751e8b465ee728b)
Start importing Assets/Prefabs/Light Models using Guid(cb178b34f5dfabb468c55f73abb5923d) Importer(815301076,1909f56bfc062723c751e8b465ee728b)  -> (artifact id: '3a92db1ead1ce264417bcc191cc7b5ae') in 0.003238 seconds
  Import took 0.005978 seconds .

========================================================================
Received Import Request.
  Time since last request: 1.008334 seconds.
  path: Assets/Prefabs/Light Models/Lambert 1.prefab
  artifactKey: Guid(cc3025b0d7a9ea84198f04ee3ca0702b) Importer(815301076,1909f56bfc062723c751e8b465ee728b)
Start importing Assets/Prefabs/Light Models/Lambert 1.prefab using Guid(cc3025b0d7a9ea84198f04ee3ca0702b) Importer(815301076,1909f56bfc062723c751e8b465ee728b)  -> (artifact id: '779843032367370aa2795ada9dd9b855') in 0.008150 seconds
  Import took 0.011930 seconds .

========================================================================
Received Import Request.
  Time since last request: 8.133315 seconds.
  path: Assets/Prefabs/Light Models/Basic Blinn.prefab
  artifactKey: Guid(cc3025b0d7a9ea84198f04ee3ca0702b) Importer(815301076,1909f56bfc062723c751e8b465ee728b)
Start importing Assets/Prefabs/Light Models/Basic Blinn.prefab using Guid(cc3025b0d7a9ea84198f04ee3ca0702b) Importer(815301076,1909f56bfc062723c751e8b465ee728b)  -> (artifact id: '2748abb1a3cbfdaaf94679078480be74') in 0.008384 seconds
  Import took 0.011692 seconds .

========================================================================
Received Import Request.
  Time since last request: 1.504167 seconds.
  path: Assets/Prefabs/Light Models/Basic Blinn 1.prefab
  artifactKey: Guid(f1d45a800d4c72f43b84dc6b8ab1e63b) Importer(815301076,1909f56bfc062723c751e8b465ee728b)
Start importing Assets/Prefabs/Light Models/Basic Blinn 1.prefab using Guid(f1d45a800d4c72f43b84dc6b8ab1e63b) Importer(815301076,1909f56bfc062723c751e8b465ee728b)  -> (artifact id: '8e8e7e1d8673a9775537ad1c93f106a4') in 0.006313 seconds
  Import took 0.008987 seconds .

========================================================================
Received Import Request.
  Time since last request: 0.003147 seconds.
  path: Assets/Prefabs/Light Models/Basic Blinn 1.prefab
  artifactKey: Guid(f1d45a800d4c72f43b84dc6b8ab1e63b) Importer(815301076,1909f56bfc062723c751e8b465ee728b)
Start importing Assets/Prefabs/Light Models/Basic Blinn 1.prefab using Guid(f1d45a800d4c72f43b84dc6b8ab1e63b) Importer(815301076,1909f56bfc062723c751e8b465ee728b)  -> (artifact id: '8e8e7e1d8673a9775537ad1c93f106a4') in 0.004433 seconds
  Import took 0.006800 seconds .

========================================================================
Received Import Request.
  Time since last request: 9.962353 seconds.
  path: Assets/Prefabs/Light Models/Basic Blinn-Phong.prefab
  artifactKey: Guid(f1d45a800d4c72f43b84dc6b8ab1e63b) Importer(815301076,1909f56bfc062723c751e8b465ee728b)
Start importing Assets/Prefabs/Light Models/Basic Blinn-Phong.prefab using Guid(f1d45a800d4c72f43b84dc6b8ab1e63b) Importer(815301076,1909f56bfc062723c751e8b465ee728b)  -> (artifact id: 'ebb3e6ebec929e322a3f4c1ab52c4afa') in 0.005133 seconds
  Import took 0.008529 seconds .

========================================================================
Received Import Request.
  Time since last request: 21.320319 seconds.
  path: Assets/Materials/LamberLightModel.mat
  artifactKey: Guid(24292e54b5af8bc48b9523c1dc904ab1) Importer(815301076,1909f56bfc062723c751e8b465ee728b)
Start importing Assets/Materials/LamberLightModel.mat using Guid(24292e54b5af8bc48b9523c1dc904ab1) Importer(815301076,1909f56bfc062723c751e8b465ee728b)  -> (artifact id: 'd7cfd3b5d1606a2f196eb11a2bf0ab81') in 0.023103 seconds
  Import took 0.025795 seconds .

========================================================================
Received Import Request.
  Time since last request: 11.310006 seconds.
  path: Assets/Materials/Basic Blinn.mat
  artifactKey: Guid(fc363690a96cece488889d817972154c) Importer(815301076,1909f56bfc062723c751e8b465ee728b)
Start importing Assets/Materials/Basic Blinn.mat using Guid(fc363690a96cece488889d817972154c) Importer(815301076,1909f56bfc062723c751e8b465ee728b)  -> (artifact id: '6e40be123863f60fce9ebf0646b8af7f') in 0.009458 seconds
  Import took 0.012516 seconds .

========================================================================
Received Import Request.
  Time since last request: 285.947638 seconds.
  path: Assets/Materials/New Material.mat
  artifactKey: Guid(39c81a4715c2f95448e31c865cc23adf) Importer(815301076,1909f56bfc062723c751e8b465ee728b)
Start importing Assets/Materials/New Material.mat using Guid(39c81a4715c2f95448e31c865cc23adf) Importer(815301076,1909f56bfc062723c751e8b465ee728b)  -> (artifact id: '355655be92806fa40db010c69c2e23bd') in 0.011406 seconds
  Import took 0.014766 seconds .

========================================================================
Received Import Request.
  Time since last request: 182.128825 seconds.
  path: Assets/Prefabs/Metalicness.prefab
  artifactKey: Guid(83e6011cf3f11564b8645e11f77dc1e9) Importer(815301076,1909f56bfc062723c751e8b465ee728b)
Start importing Assets/Prefabs/Metalicness.prefab using Guid(83e6011cf3f11564b8645e11f77dc1e9) Importer(815301076,1909f56bfc062723c751e8b465ee728b)  -> (artifact id: 'fe2fb9ab4669858f49c6456e8bcd6a18') in 0.006012 seconds
  Import took 0.008829 seconds .

========================================================================
Received Import Request.
  Time since last request: 389.820560 seconds.
  path: Assets/Materials/Metalicness.mat
  artifactKey: Guid(39c81a4715c2f95448e31c865cc23adf) Importer(815301076,1909f56bfc062723c751e8b465ee728b)
Start importing Assets/Materials/Metalicness.mat using Guid(39c81a4715c2f95448e31c865cc23adf) Importer(815301076,1909f56bfc062723c751e8b465ee728b)  -> (artifact id: '07a2103c54a0395c5427c7058bcb94c4') in 0.018558 seconds
  Import took 0.022115 seconds .

========================================================================
Received Import Request.
  Time since last request: 29.541640 seconds.
  path: Assets/Scenes/Light.unity
  artifactKey: Guid(9d16b2ecad39be24fa6e6a18c0d5ba21) Importer(815301076,1909f56bfc062723c751e8b465ee728b)
Start importing Assets/Scenes/Light.unity using Guid(9d16b2ecad39be24fa6e6a18c0d5ba21) Importer(815301076,1909f56bfc062723c751e8b465ee728b)  -> (artifact id: 'b3262a5195d241bf07ad017a968b0d76') in 0.003532 seconds
  Import took 0.006033 seconds .

AssetImportWorkerClient::OnTransportError - code=2 error=End of file
